<?xml version="1.0" encoding="UTF-8"?>
<!-- Generated by org.testng.reporters.JUnitReportReporter -->
<testsuite skipped="0" hostname="LokeshDevaRaj" name="Test.MainPageTest" tests="2" failures="0" timestamp="19 Oct 2019 19:25:05 GMT" time="66.554" errors="0">
  <testcase name="verifyMainPageOptions" time="24.861" classname="Test.MainPageTest"/>
  <testcase name="verifyAddDetailsInRegisterPage" time="41.693" classname="Test.MainPageTest"/>
</testsuite> <!-- Test.MainPageTest -->
