<?xml version="1.0" encoding="UTF-8"?>
<!-- Generated by org.testng.reporters.JUnitReportReporter -->
<testsuite skipped="0" hostname="LokeshDevaRaj" name="Test.HomePageTest" tests="3" failures="0" timestamp="18 Oct 2019 19:21:47 GMT" time="39.937" errors="0">
  <testcase name="verifyUserisOnMain" time="16.227" classname="Test.HomePageTest"/>
  <testcase name="validateTitle" time="17.119" classname="Test.HomePageTest"/>
  <testcase name="verifyHome" time="6.591" classname="Test.HomePageTest"/>
</testsuite> <!-- Test.HomePageTest -->
